<?xml version="1.0" encoding="UTF-8"?>
<robot generator="Robot 4.0 (Python 3.8.10 on linux)" generated="20211203 03:52:20.484" rpa="false" schemaversion="2">
<suite id="s1" name="Frontend" source="/home/wilson/SJSU/CMPE202/team-project-fall21-cmpe202-team5/test/frontend">
<suite id="s1-s1" name="User" source="/home/wilson/SJSU/CMPE202/team-project-fall21-cmpe202-team5/test/frontend/00__User.robot">
<kw name="Open Browser" library="SeleniumLibrary" type="SETUP">
<arg>${BASE_URL}</arg>
<doc>Opens a new browser instance to the optional ``url``.</doc>
<msg timestamp="20211203 03:52:20.583" level="INFO">Opening browser 'firefox' to base url 'http://localhost:8080/'.</msg>
<msg timestamp="20211203 03:52:20.583" level="INFO">Firefox driver log is always forced to to: /home/wilson/SJSU/CMPE202/team-project-fall21-cmpe202-team5/geckodriver-2.log</msg>
<status status="PASS" starttime="20211203 03:52:20.583" endtime="20211203 03:52:22.925"/>
</kw>
<test id="s1-s1-t1" name="Login with non-existing Account">
<kw name="Go To" library="SeleniumLibrary" type="SETUP">
<arg>${BASE_URL}</arg>
<doc>Navigates the current browser window to the provided ``url``.</doc>
<msg timestamp="20211203 03:52:22.926" level="INFO">Opening url 'http://localhost:8080/'</msg>
<status status="PASS" starttime="20211203 03:52:22.926" endtime="20211203 03:52:23.133"/>
</kw>
<kw name="Input Text" library="SeleniumLibrary">
<arg>${USERNAME_XPATH}</arg>
<arg>fakeuser</arg>
<doc>Types the given ``text`` into the text field identified by ``locator``.</doc>
<msg timestamp="20211203 03:52:23.134" level="INFO">Typing text 'fakeuser' into text field '//input[@name='username']'.</msg>
<status status="PASS" starttime="20211203 03:52:23.133" endtime="20211203 03:52:23.195"/>
</kw>
<kw name="Input Password" library="SeleniumLibrary">
<arg>${PASSWORD_XPATH}</arg>
<arg>fakepassword</arg>
<doc>Types the given password into the text field identified by ``locator``.</doc>
<msg timestamp="20211203 03:52:23.196" level="INFO">Typing password into text field '//input[@name='password']'.</msg>
<msg timestamp="20211203 03:52:23.201" level="INFO">Temporally setting log level to: NONE</msg>
<msg timestamp="20211203 03:52:23.247" level="INFO">Log level changed from NONE to INFO.</msg>
<status status="PASS" starttime="20211203 03:52:23.196" endtime="20211203 03:52:23.247"/>
</kw>
<kw name="Click Button" library="SeleniumLibrary">
<arg>${LOGIN_BTN_XPATH}</arg>
<doc>Clicks the button identified by ``locator``.</doc>
<msg timestamp="20211203 03:52:23.247" level="INFO">Clicking button '//button[text()='Login']'.</msg>
<status status="PASS" starttime="20211203 03:52:23.247" endtime="20211203 03:52:23.469"/>
</kw>
<kw name="Element Should Contain" library="SeleniumLibrary">
<arg>${ALERT_XPATH}</arg>
<arg>Username or password is incorrect</arg>
<doc>Verifies that element ``locator`` contains text ``expected``.</doc>
<msg timestamp="20211203 03:52:23.482" level="INFO">Element '//div[contains(@class, 'alert')]' contains text 'Username or password is incorrect'.</msg>
<status status="PASS" starttime="20211203 03:52:23.469" endtime="20211203 03:52:23.482"/>
</kw>
<tag>User</tag>
<status status="PASS" starttime="20211203 03:52:22.925" endtime="20211203 03:52:23.482"/>
</test>
<test id="s1-s1-t2" name="Register Check Required Help Block">
<kw name="Go To" library="SeleniumLibrary" type="SETUP">
<arg>${BASE_URL}</arg>
<doc>Navigates the current browser window to the provided ``url``.</doc>
<msg timestamp="20211203 03:52:23.483" level="INFO">Opening url 'http://localhost:8080/'</msg>
<status status="PASS" starttime="20211203 03:52:23.483" endtime="20211203 03:52:23.688"/>
</kw>
<kw name="Click Link" library="SeleniumLibrary">
<arg>${REGISTER_LK_XPATH}</arg>
<doc>Clicks a link identified by ``locator``.</doc>
<msg timestamp="20211203 03:52:23.688" level="INFO">Clicking link '//a[@href="/register"]'.</msg>
<status status="PASS" starttime="20211203 03:52:23.688" endtime="20211203 03:52:23.939"/>
</kw>
<kw name="Click Button" library="SeleniumLibrary">
<arg>${REGISTER_BTN_XPATH}</arg>
<doc>Clicks the button identified by ``locator``.</doc>
<msg timestamp="20211203 03:52:23.940" level="INFO">Clicking button '//button[text()='Register']'.</msg>
<status status="PASS" starttime="20211203 03:52:23.940" endtime="20211203 03:52:24.203"/>
</kw>
<kw name="Get WebElements" library="SeleniumLibrary">
<var>${elements}</var>
<arg>${ERROR_TEXTFIELD}</arg>
<doc>Returns a list of WebElement objects matching the ``locator``.</doc>
<msg timestamp="20211203 03:52:24.209" level="INFO">${elements} = []</msg>
<status status="PASS" starttime="20211203 03:52:24.203" endtime="20211203 03:52:24.209"/>
</kw>
<for flavor="IN">
<var>${element}</var>
<value>@{elements}</value>
<status status="PASS" starttime="20211203 03:52:24.209" endtime="20211203 03:52:24.209"/>
</for>
<tag>User</tag>
<status status="PASS" starttime="20211203 03:52:23.482" endtime="20211203 03:52:24.210"/>
</test>
<test id="s1-s1-t3" name="Register With Test User Account">
<kw name="Go To" library="SeleniumLibrary" type="SETUP">
<arg>${BASE_URL}</arg>
<doc>Navigates the current browser window to the provided ``url``.</doc>
<msg timestamp="20211203 03:52:24.212" level="INFO">Opening url 'http://localhost:8080/'</msg>
<status status="PASS" starttime="20211203 03:52:24.211" endtime="20211203 03:52:24.449"/>
</kw>
<kw name="Click Link" library="SeleniumLibrary">
<arg>${REGISTER_LK_XPATH}</arg>
<doc>Clicks a link identified by ``locator``.</doc>
<msg timestamp="20211203 03:52:24.450" level="INFO">Clicking link '//a[@href="/register"]'.</msg>
<status status="PASS" starttime="20211203 03:52:24.449" endtime="20211203 03:52:24.697"/>
</kw>
<kw name="Input Text" library="SeleniumLibrary">
<arg>firstName</arg>
<arg>Donald</arg>
<doc>Types the given ``text`` into the text field identified by ``locator``.</doc>
<msg timestamp="20211203 03:52:24.698" level="INFO">Typing text 'Donald' into text field 'firstName'.</msg>
<status status="PASS" starttime="20211203 03:52:24.698" endtime="20211203 03:52:24.790"/>
</kw>
<kw name="Input Text" library="SeleniumLibrary">
<arg>lastName</arg>
<arg>Biden</arg>
<doc>Types the given ``text`` into the text field identified by ``locator``.</doc>
<msg timestamp="20211203 03:52:24.790" level="INFO">Typing text 'Biden' into text field 'lastName'.</msg>
<status status="PASS" starttime="20211203 03:52:24.790" endtime="20211203 03:52:24.828"/>
</kw>
<kw name="Input Text" library="SeleniumLibrary">
<arg>email</arg>
<arg>donaldb@fakemail.com</arg>
<doc>Types the given ``text`` into the text field identified by ``locator``.</doc>
<msg timestamp="20211203 03:52:24.829" level="INFO">Typing text 'donaldb@fakemail.com' into text field 'email'.</msg>
<status status="PASS" starttime="20211203 03:52:24.829" endtime="20211203 03:52:24.934"/>
</kw>
<kw name="Input Text" library="SeleniumLibrary">
<arg>username</arg>
<arg>donaldbiden</arg>
<doc>Types the given ``text`` into the text field identified by ``locator``.</doc>
<msg timestamp="20211203 03:52:24.935" level="INFO">Typing text 'donaldbiden' into text field 'username'.</msg>
<status status="PASS" starttime="20211203 03:52:24.934" endtime="20211203 03:52:24.984"/>
</kw>
<kw name="Input Password" library="SeleniumLibrary">
<arg>password</arg>
<arg>Maga2021!</arg>
<doc>Types the given password into the text field identified by ``locator``.</doc>
<msg timestamp="20211203 03:52:24.984" level="INFO">Typing password into text field 'password'.</msg>
<msg timestamp="20211203 03:52:24.988" level="INFO">Temporally setting log level to: NONE</msg>
<msg timestamp="20211203 03:52:25.024" level="INFO">Log level changed from NONE to INFO.</msg>
<status status="PASS" starttime="20211203 03:52:24.984" endtime="20211203 03:52:25.024"/>
</kw>
<kw name="Click Element" library="SeleniumLibrary">
<arg>dateOfBirth</arg>
<doc>Click the element identified by ``locator``.</doc>
<msg timestamp="20211203 03:52:25.025" level="INFO">Clicking element 'dateOfBirth'.</msg>
<status status="PASS" starttime="20211203 03:52:25.024" endtime="20211203 03:52:25.239"/>
</kw>
<kw name="Press Keys" library="SeleniumLibrary">
<arg>None</arg>
<arg>01012000</arg>
<doc>Simulates the user pressing key(s) to an element or on the active browser.</doc>
<msg timestamp="20211203 03:52:25.241" level="INFO">Sending key(s) ('01012000',) to page.</msg>
<msg timestamp="20211203 03:52:25.241" level="INFO">Sending keys 01012000</msg>
<status status="PASS" starttime="20211203 03:52:25.240" endtime="20211203 03:52:25.310"/>
</kw>
<kw name="Input Text" library="SeleniumLibrary">
<arg>streetAddress</arg>
<arg>1600 Pennyyylvania Ave.</arg>
<doc>Types the given ``text`` into the text field identified by ``locator``.</doc>
<msg timestamp="20211203 03:52:25.311" level="INFO">Typing text '1600 Pennyyylvania Ave.' into text field 'streetAddress'.</msg>
<status status="PASS" starttime="20211203 03:52:25.311" endtime="20211203 03:52:25.397"/>
</kw>
<kw name="Input Text" library="SeleniumLibrary">
<arg>city</arg>
<arg>Washington</arg>
<doc>Types the given ``text`` into the text field identified by ``locator``.</doc>
<msg timestamp="20211203 03:52:25.397" level="INFO">Typing text 'Washington' into text field 'city'.</msg>
<status status="PASS" starttime="20211203 03:52:25.397" endtime="20211203 03:52:25.439"/>
</kw>
<kw name="Input Text" library="SeleniumLibrary">
<arg>state</arg>
<arg>DC</arg>
<doc>Types the given ``text`` into the text field identified by ``locator``.</doc>
<msg timestamp="20211203 03:52:25.440" level="INFO">Typing text 'DC' into text field 'state'.</msg>
<status status="PASS" starttime="20211203 03:52:25.440" endtime="20211203 03:52:25.456"/>
</kw>
<kw name="Input Text" library="SeleniumLibrary">
<arg>country</arg>
<arg>USA</arg>
<doc>Types the given ``text`` into the text field identified by ``locator``.</doc>
<msg timestamp="20211203 03:52:25.456" level="INFO">Typing text 'USA' into text field 'country'.</msg>
<status status="PASS" starttime="20211203 03:52:25.456" endtime="20211203 03:52:25.476"/>
</kw>
<kw name="Input Text" library="SeleniumLibrary">
<arg>zipcode</arg>
<arg>20500</arg>
<doc>Types the given ``text`` into the text field identified by ``locator``.</doc>
<msg timestamp="20211203 03:52:25.477" level="INFO">Typing text '20500' into text field 'zipcode'.</msg>
<status status="PASS" starttime="20211203 03:52:25.477" endtime="20211203 03:52:25.502"/>
</kw>
<kw name="Click Button" library="SeleniumLibrary">
<arg>${REGISTER_BTN_XPATH}</arg>
<doc>Clicks the button identified by ``locator``.</doc>
<msg timestamp="20211203 03:52:25.502" level="INFO">Clicking button '//button[text()='Register']'.</msg>
<status status="PASS" starttime="20211203 03:52:25.502" endtime="20211203 03:52:25.721"/>
</kw>
<kw name="Element Text Should Be" library="SeleniumLibrary">
<arg>${ALERT_XPATH}</arg>
<arg>Registration successful</arg>
<doc>Verifies that element ``locator`` contains exact the text ``expected``.</doc>
<msg timestamp="20211203 03:52:25.722" level="INFO">Verifying element '//div[contains(@class, 'alert')]' contains exact text 'Registration successful'.</msg>
<status status="PASS" starttime="20211203 03:52:25.722" endtime="20211203 03:52:25.736"/>
</kw>
<kw name="Input Text" library="SeleniumLibrary">
<arg>${USERNAME_XPATH}</arg>
<arg>donaldbiden</arg>
<doc>Types the given ``text`` into the text field identified by ``locator``.</doc>
<msg timestamp="20211203 03:52:25.737" level="INFO">Typing text 'donaldbiden' into text field '//input[@name='username']'.</msg>
<status status="PASS" starttime="20211203 03:52:25.737" endtime="20211203 03:52:25.806"/>
</kw>
<kw name="Input Password" library="SeleniumLibrary">
<arg>${PASSWORD_XPATH}</arg>
<arg>Maga2021!</arg>
<doc>Types the given password into the text field identified by ``locator``.</doc>
<msg timestamp="20211203 03:52:25.807" level="INFO">Typing password into text field '//input[@name='password']'.</msg>
<msg timestamp="20211203 03:52:25.811" level="INFO">Temporally setting log level to: NONE</msg>
<msg timestamp="20211203 03:52:25.836" level="INFO">Log level changed from NONE to INFO.</msg>
<status status="PASS" starttime="20211203 03:52:25.807" endtime="20211203 03:52:25.836"/>
</kw>
<kw name="Click Button" library="SeleniumLibrary">
<arg>${LOGIN_BTN_XPATH}</arg>
<doc>Clicks the button identified by ``locator``.</doc>
<msg timestamp="20211203 03:52:25.836" level="INFO">Clicking button '//button[text()='Login']'.</msg>
<status status="PASS" starttime="20211203 03:52:25.836" endtime="20211203 03:52:26.053"/>
</kw>
<kw name="Page Should Contain" library="SeleniumLibrary">
<arg>Passenger Name: Donald Biden</arg>
<doc>Verifies that current page contains ``text``.</doc>
<msg timestamp="20211203 03:52:26.066" level="INFO">Current page contains text 'Passenger Name: Donald Biden'.</msg>
<status status="PASS" starttime="20211203 03:52:26.053" endtime="20211203 03:52:26.066"/>
</kw>
<tag>User</tag>
<status status="PASS" starttime="20211203 03:52:24.211" endtime="20211203 03:52:26.067"/>
</test>
<kw name="Close All Browsers" library="SeleniumLibrary" type="TEARDOWN">
<doc>Closes all open browsers and resets the browser cache.</doc>
<status status="PASS" starttime="20211203 03:52:26.068" endtime="20211203 03:52:26.438"/>
</kw>
<status status="PASS" starttime="20211203 03:52:20.497" endtime="20211203 03:52:26.438"/>
</suite>
<suite id="s1-s2" name="Search Flight" source="/home/wilson/SJSU/CMPE202/team-project-fall21-cmpe202-team5/test/frontend/01__Search_Flight.robot">
<kw name="Run Keywords" library="BuiltIn" type="SETUP">
<arg>Open Browser</arg>
<arg>${BASE_URL}</arg>
<arg>AND</arg>
<arg>Login as Donald</arg>
<doc>Executes all the given keywords in a sequence.</doc>
<kw name="Open Browser" library="SeleniumLibrary">
<arg>${BASE_URL}</arg>
<doc>Opens a new browser instance to the optional ``url``.</doc>
<msg timestamp="20211203 03:52:26.442" level="INFO">Opening browser 'firefox' to base url 'http://localhost:8080/'.</msg>
<msg timestamp="20211203 03:52:26.442" level="INFO">Firefox driver log is always forced to to: /home/wilson/SJSU/CMPE202/team-project-fall21-cmpe202-team5/geckodriver-3.log</msg>
<status status="PASS" starttime="20211203 03:52:26.442" endtime="20211203 03:52:29.748"/>
</kw>
<kw name="Login as Donald">
<kw name="Input Text" library="SeleniumLibrary">
<arg>${USERNAME_XPATH}</arg>
<arg>donaldbiden</arg>
<doc>Types the given ``text`` into the text field identified by ``locator``.</doc>
<msg timestamp="20211203 03:52:29.748" level="INFO">Typing text 'donaldbiden' into text field '//input[@name='username']'.</msg>
<status status="PASS" starttime="20211203 03:52:29.748" endtime="20211203 03:52:29.824"/>
</kw>
<kw name="Input Password" library="SeleniumLibrary">
<arg>${PASSWORD_XPATH}</arg>
<arg>Maga2021!</arg>
<doc>Types the given password into the text field identified by ``locator``.</doc>
<msg timestamp="20211203 03:52:29.824" level="INFO">Typing password into text field '//input[@name='password']'.</msg>
<msg timestamp="20211203 03:52:29.828" level="INFO">Temporally setting log level to: NONE</msg>
<msg timestamp="20211203 03:52:29.865" level="INFO">Log level changed from NONE to INFO.</msg>
<status status="PASS" starttime="20211203 03:52:29.824" endtime="20211203 03:52:29.865"/>
</kw>
<kw name="Click Button" library="SeleniumLibrary">
<arg>${LOGIN_BTN_XPATH}</arg>
<doc>Clicks the button identified by ``locator``.</doc>
<msg timestamp="20211203 03:52:29.865" level="INFO">Clicking button '//button[text()='Login']'.</msg>
<status status="PASS" starttime="20211203 03:52:29.865" endtime="20211203 03:52:30.089"/>
</kw>
<status status="PASS" starttime="20211203 03:52:29.748" endtime="20211203 03:52:30.089"/>
</kw>
<status status="PASS" starttime="20211203 03:52:26.441" endtime="20211203 03:52:30.089"/>
</kw>
<test id="s1-s2-t1" name="Check Flight Search Route Switch">
<kw name="Go To" library="SeleniumLibrary" type="SETUP">
<arg>${BASE_URL}flight_search</arg>
<doc>Navigates the current browser window to the provided ``url``.</doc>
<msg timestamp="20211203 03:52:30.091" level="INFO">Opening url 'http://localhost:8080/flight_search'</msg>
<status status="PASS" starttime="20211203 03:52:30.091" endtime="20211203 03:52:30.352"/>
</kw>
<kw name="Page Should Not Contain" library="SeleniumLibrary">
<arg>Return Date</arg>
<doc>Verifies the current page does not contain ``text``.</doc>
<msg timestamp="20211203 03:52:30.365" level="INFO">Current page does not contain text 'Return Date'.</msg>
<status status="PASS" starttime="20211203 03:52:30.352" endtime="20211203 03:52:30.365"/>
</kw>
<kw name="Click Button" library="SeleniumLibrary">
<arg>${RD_TRIP_BTN_XPATH}</arg>
<doc>Clicks the button identified by ``locator``.</doc>
<msg timestamp="20211203 03:52:30.366" level="INFO">Clicking button '//button[@name="round trip"]'.</msg>
<status status="PASS" starttime="20211203 03:52:30.365" endtime="20211203 03:52:30.589"/>
</kw>
<kw name="Page Should Contain" library="SeleniumLibrary">
<arg>Return Date</arg>
<doc>Verifies that current page contains ``text``.</doc>
<msg timestamp="20211203 03:52:30.602" level="INFO">Current page contains text 'Return Date'.</msg>
<status status="PASS" starttime="20211203 03:52:30.589" endtime="20211203 03:52:30.602"/>
</kw>
<kw name="Click Button" library="SeleniumLibrary">
<arg>${ONE_WAY_BTN_XPATH}</arg>
<doc>Clicks the button identified by ``locator``.</doc>
<msg timestamp="20211203 03:52:30.603" level="INFO">Clicking button '//button[@name="one way"]'.</msg>
<status status="PASS" starttime="20211203 03:52:30.603" endtime="20211203 03:52:30.869"/>
</kw>
<kw name="Page Should Not Contain" library="SeleniumLibrary">
<arg>Return Date</arg>
<doc>Verifies the current page does not contain ``text``.</doc>
<msg timestamp="20211203 03:52:30.882" level="INFO">Current page does not contain text 'Return Date'.</msg>
<status status="PASS" starttime="20211203 03:52:30.869" endtime="20211203 03:52:30.882"/>
</kw>
<tag>FlightSearch</tag>
<status status="PASS" starttime="20211203 03:52:30.090" endtime="20211203 03:52:30.882"/>
</test>
<test id="s1-s2-t2" name="Search One Way Flight">
<kw name="Go To" library="SeleniumLibrary" type="SETUP">
<arg>${BASE_URL}flight_search</arg>
<doc>Navigates the current browser window to the provided ``url``.</doc>
<msg timestamp="20211203 03:52:30.884" level="INFO">Opening url 'http://localhost:8080/flight_search'</msg>
<status status="PASS" starttime="20211203 03:52:30.884" endtime="20211203 03:52:31.129"/>
</kw>
<kw name="Input Text" library="SeleniumLibrary">
<arg>departAirport</arg>
<arg>JFK</arg>
<doc>Types the given ``text`` into the text field identified by ``locator``.</doc>
<msg timestamp="20211203 03:52:31.129" level="INFO">Typing text 'JFK' into text field 'departAirport'.</msg>
<status status="PASS" starttime="20211203 03:52:31.129" endtime="20211203 03:52:31.163"/>
</kw>
<kw name="Input Text" library="SeleniumLibrary">
<arg>arrivalAirport</arg>
<arg>SJC</arg>
<doc>Types the given ``text`` into the text field identified by ``locator``.</doc>
<msg timestamp="20211203 03:52:31.164" level="INFO">Typing text 'SJC' into text field 'arrivalAirport'.</msg>
<status status="PASS" starttime="20211203 03:52:31.164" endtime="20211203 03:52:31.185"/>
</kw>
<kw name="Click Element" library="SeleniumLibrary">
<arg>departDate</arg>
<doc>Click the element identified by ``locator``.</doc>
<msg timestamp="20211203 03:52:31.185" level="INFO">Clicking element 'departDate'.</msg>
<status status="PASS" starttime="20211203 03:52:31.185" endtime="20211203 03:52:31.401"/>
</kw>
<kw name="Press Keys" library="SeleniumLibrary">
<arg>None</arg>
<arg>08302021</arg>
<doc>Simulates the user pressing key(s) to an element or on the active browser.</doc>
<msg timestamp="20211203 03:52:31.402" level="INFO">Sending key(s) ('08302021',) to page.</msg>
<msg timestamp="20211203 03:52:31.403" level="INFO">Sending keys 08302021</msg>
<status status="PASS" starttime="20211203 03:52:31.401" endtime="20211203 03:52:31.479"/>
</kw>
<kw name="Click Button" library="SeleniumLibrary">
<arg>Search</arg>
<doc>Clicks the button identified by ``locator``.</doc>
<msg timestamp="20211203 03:52:31.479" level="INFO">Clicking button 'Search'.</msg>
<status status="PASS" starttime="20211203 03:52:31.479" endtime="20211203 03:52:31.717"/>
</kw>
<kw name="Page Should Contain" library="SeleniumLibrary">
<arg>F0034</arg>
<doc>Verifies that current page contains ``text``.</doc>
<msg timestamp="20211203 03:52:31.732" level="INFO">Current page contains text 'F0034'.</msg>
<status status="PASS" starttime="20211203 03:52:31.717" endtime="20211203 03:52:31.732"/>
</kw>
<kw name="Page Should Contain" library="SeleniumLibrary">
<arg>F0035</arg>
<doc>Verifies that current page contains ``text``.</doc>
<msg timestamp="20211203 03:52:31.744" level="INFO">Current page contains text 'F0035'.</msg>
<status status="PASS" starttime="20211203 03:52:31.732" endtime="20211203 03:52:31.744"/>
</kw>
<kw name="Page Should Contain Button" library="SeleniumLibrary">
<arg>Book</arg>
<doc>Verifies button ``locator`` is found from current page.</doc>
<msg timestamp="20211203 03:52:31.760" level="INFO">Current page contains button 'Book'.</msg>
<status status="PASS" starttime="20211203 03:52:31.744" endtime="20211203 03:52:31.761"/>
</kw>
<tag>FlightSearch</tag>
<status status="PASS" starttime="20211203 03:52:30.883" endtime="20211203 03:52:31.761"/>
</test>
<test id="s1-s2-t3" name="Search Round Trip Flight">
<kw name="Go To" library="SeleniumLibrary" type="SETUP">
<arg>${BASE_URL}flight_search</arg>
<doc>Navigates the current browser window to the provided ``url``.</doc>
<msg timestamp="20211203 03:52:31.763" level="INFO">Opening url 'http://localhost:8080/flight_search'</msg>
<status status="PASS" starttime="20211203 03:52:31.763" endtime="20211203 03:52:32.023"/>
</kw>
<kw name="Click Button" library="SeleniumLibrary">
<arg>${RD_TRIP_BTN_XPATH}</arg>
<doc>Clicks the button identified by ``locator``.</doc>
<msg timestamp="20211203 03:52:32.023" level="INFO">Clicking button '//button[@name="round trip"]'.</msg>
<status status="PASS" starttime="20211203 03:52:32.023" endtime="20211203 03:52:32.268"/>
</kw>
<kw name="Input Text" library="SeleniumLibrary">
<arg>departAirport</arg>
<arg>JFK</arg>
<doc>Types the given ``text`` into the text field identified by ``locator``.</doc>
<msg timestamp="20211203 03:52:32.269" level="INFO">Typing text 'JFK' into text field 'departAirport'.</msg>
<status status="PASS" starttime="20211203 03:52:32.269" endtime="20211203 03:52:32.337"/>
</kw>
<kw name="Input Text" library="SeleniumLibrary">
<arg>arrivalAirport</arg>
<arg>SJC</arg>
<doc>Types the given ``text`` into the text field identified by ``locator``.</doc>
<msg timestamp="20211203 03:52:32.337" level="INFO">Typing text 'SJC' into text field 'arrivalAirport'.</msg>
<status status="PASS" starttime="20211203 03:52:32.337" endtime="20211203 03:52:32.364"/>
</kw>
<kw name="Press Keys" library="SeleniumLibrary">
<arg>None</arg>
<arg>TAB</arg>
<doc>Simulates the user pressing key(s) to an element or on the active browser.</doc>
<msg timestamp="20211203 03:52:32.365" level="INFO">Sending key(s) ('TAB',) to page.</msg>
<msg timestamp="20211203 03:52:32.365" level="INFO">Pressing special key TAB to browser.</msg>
<msg timestamp="20211203 03:52:32.365" level="INFO">Releasing special key TAB.</msg>
<status status="PASS" starttime="20211203 03:52:32.364" endtime="20211203 03:52:32.372"/>
</kw>
<kw name="Press Keys" library="SeleniumLibrary">
<arg>None</arg>
<arg>08302021</arg>
<doc>Simulates the user pressing key(s) to an element or on the active browser.</doc>
<msg timestamp="20211203 03:52:32.373" level="INFO">Sending key(s) ('08302021',) to page.</msg>
<msg timestamp="20211203 03:52:32.373" level="INFO">Sending keys 08302021</msg>
<status status="PASS" starttime="20211203 03:52:32.372" endtime="20211203 03:52:32.421"/>
</kw>
<kw name="Press Keys" library="SeleniumLibrary">
<arg>None</arg>
<arg>TAB</arg>
<doc>Simulates the user pressing key(s) to an element or on the active browser.</doc>
<msg timestamp="20211203 03:52:32.421" level="INFO">Sending key(s) ('TAB',) to page.</msg>
<msg timestamp="20211203 03:52:32.421" level="INFO">Pressing special key TAB to browser.</msg>
<msg timestamp="20211203 03:52:32.421" level="INFO">Releasing special key TAB.</msg>
<status status="PASS" starttime="20211203 03:52:32.421" endtime="20211203 03:52:32.427"/>
</kw>
<kw name="Press Keys" library="SeleniumLibrary">
<arg>None</arg>
<arg>09052021</arg>
<doc>Simulates the user pressing key(s) to an element or on the active browser.</doc>
<msg timestamp="20211203 03:52:32.428" level="INFO">Sending key(s) ('09052021',) to page.</msg>
<msg timestamp="20211203 03:52:32.428" level="INFO">Sending keys 09052021</msg>
<status status="PASS" starttime="20211203 03:52:32.427" endtime="20211203 03:52:32.461"/>
</kw>
<kw name="Click Button" library="SeleniumLibrary">
<arg>Search</arg>
<doc>Clicks the button identified by ``locator``.</doc>
<msg timestamp="20211203 03:52:32.462" level="INFO">Clicking button 'Search'.</msg>
<status status="PASS" starttime="20211203 03:52:32.461" endtime="20211203 03:52:32.679"/>
</kw>
<kw name="Page Should Contain" library="SeleniumLibrary">
<arg>F0034</arg>
<doc>Verifies that current page contains ``text``.</doc>
<msg timestamp="20211203 03:52:32.691" level="INFO">Current page contains text 'F0034'.</msg>
<status status="PASS" starttime="20211203 03:52:32.679" endtime="20211203 03:52:32.691"/>
</kw>
<kw name="Page Should Contain" library="SeleniumLibrary">
<arg>F0035</arg>
<doc>Verifies that current page contains ``text``.</doc>
<msg timestamp="20211203 03:52:32.702" level="INFO">Current page contains text 'F0035'.</msg>
<status status="PASS" starttime="20211203 03:52:32.691" endtime="20211203 03:52:32.702"/>
</kw>
<kw name="Page Should Contain" library="SeleniumLibrary">
<arg>Returning Flights</arg>
<doc>Verifies that current page contains ``text``.</doc>
<msg timestamp="20211203 03:52:32.713" level="INFO">Current page contains text 'Returning Flights'.</msg>
<status status="PASS" starttime="20211203 03:52:32.703" endtime="20211203 03:52:32.713"/>
</kw>
<kw name="Page Should Contain" library="SeleniumLibrary">
<arg>F0036</arg>
<doc>Verifies that current page contains ``text``.</doc>
<msg timestamp="20211203 03:52:32.725" level="INFO">Current page contains text 'F0036'.</msg>
<status status="PASS" starttime="20211203 03:52:32.713" endtime="20211203 03:52:32.725"/>
</kw>
<kw name="Page Should Contain Button" library="SeleniumLibrary">
<arg>Book</arg>
<doc>Verifies button ``locator`` is found from current page.</doc>
<msg timestamp="20211203 03:52:32.741" level="INFO">Current page contains button 'Book'.</msg>
<status status="PASS" starttime="20211203 03:52:32.725" endtime="20211203 03:52:32.741"/>
</kw>
<tag>FlightSearch</tag>
<status status="PASS" starttime="20211203 03:52:31.762" endtime="20211203 03:52:32.741"/>
</test>
<test id="s1-s2-t4" name="Select Flight">
<kw name="Go To" library="SeleniumLibrary" type="SETUP">
<arg>${BASE_URL}flight_search</arg>
<doc>Navigates the current browser window to the provided ``url``.</doc>
<msg timestamp="20211203 03:52:32.744" level="INFO">Opening url 'http://localhost:8080/flight_search'</msg>
<status status="PASS" starttime="20211203 03:52:32.743" endtime="20211203 03:52:32.988"/>
</kw>
<kw name="Click Button" library="SeleniumLibrary">
<arg>${RD_TRIP_BTN_XPATH}</arg>
<doc>Clicks the button identified by ``locator``.</doc>
<msg timestamp="20211203 03:52:32.988" level="INFO">Clicking button '//button[@name="round trip"]'.</msg>
<status status="PASS" starttime="20211203 03:52:32.988" endtime="20211203 03:52:33.218"/>
</kw>
<kw name="Input Text" library="SeleniumLibrary">
<arg>departAirport</arg>
<arg>JFK</arg>
<doc>Types the given ``text`` into the text field identified by ``locator``.</doc>
<msg timestamp="20211203 03:52:33.219" level="INFO">Typing text 'JFK' into text field 'departAirport'.</msg>
<status status="PASS" starttime="20211203 03:52:33.218" endtime="20211203 03:52:33.288"/>
</kw>
<kw name="Input Text" library="SeleniumLibrary">
<arg>arrivalAirport</arg>
<arg>SJC</arg>
<doc>Types the given ``text`` into the text field identified by ``locator``.</doc>
<msg timestamp="20211203 03:52:33.289" level="INFO">Typing text 'SJC' into text field 'arrivalAirport'.</msg>
<status status="PASS" starttime="20211203 03:52:33.288" endtime="20211203 03:52:33.312"/>
</kw>
<kw name="Press Keys" library="SeleniumLibrary">
<arg>None</arg>
<arg>TAB</arg>
<doc>Simulates the user pressing key(s) to an element or on the active browser.</doc>
<msg timestamp="20211203 03:52:33.312" level="INFO">Sending key(s) ('TAB',) to page.</msg>
<msg timestamp="20211203 03:52:33.312" level="INFO">Pressing special key TAB to browser.</msg>
<msg timestamp="20211203 03:52:33.312" level="INFO">Releasing special key TAB.</msg>
<status status="PASS" starttime="20211203 03:52:33.312" endtime="20211203 03:52:33.318"/>
</kw>
<kw name="Press Keys" library="SeleniumLibrary">
<arg>None</arg>
<arg>08302021</arg>
<doc>Simulates the user pressing key(s) to an element or on the active browser.</doc>
<msg timestamp="20211203 03:52:33.319" level="INFO">Sending key(s) ('08302021',) to page.</msg>
<msg timestamp="20211203 03:52:33.319" level="INFO">Sending keys 08302021</msg>
<status status="PASS" starttime="20211203 03:52:33.318" endtime="20211203 03:52:33.351"/>
</kw>
<kw name="Press Keys" library="SeleniumLibrary">
<arg>None</arg>
<arg>TAB</arg>
<doc>Simulates the user pressing key(s) to an element or on the active browser.</doc>
<msg timestamp="20211203 03:52:33.352" level="INFO">Sending key(s) ('TAB',) to page.</msg>
<msg timestamp="20211203 03:52:33.352" level="INFO">Pressing special key TAB to browser.</msg>
<msg timestamp="20211203 03:52:33.352" level="INFO">Releasing special key TAB.</msg>
<status status="PASS" starttime="20211203 03:52:33.352" endtime="20211203 03:52:33.357"/>
</kw>
<kw name="Press Keys" library="SeleniumLibrary">
<arg>None</arg>
<arg>09052021</arg>
<doc>Simulates the user pressing key(s) to an element or on the active browser.</doc>
<msg timestamp="20211203 03:52:33.358" level="INFO">Sending key(s) ('09052021',) to page.</msg>
<msg timestamp="20211203 03:52:33.358" level="INFO">Sending keys 09052021</msg>
<status status="PASS" starttime="20211203 03:52:33.358" endtime="20211203 03:52:33.392"/>
</kw>
<kw name="Click Button" library="SeleniumLibrary">
<arg>Search</arg>
<doc>Clicks the button identified by ``locator``.</doc>
<msg timestamp="20211203 03:52:33.392" level="INFO">Clicking button 'Search'.</msg>
<status status="PASS" starttime="20211203 03:52:33.392" endtime="20211203 03:52:33.609"/>
</kw>
<kw name="Click Element" library="SeleniumLibrary">
<arg>//input[@name="departGroup" and @value="F0035@2021-08-30"]/following-sibling::label</arg>
<doc>Click the element identified by ``locator``.</doc>
<msg timestamp="20211203 03:52:33.610" level="INFO">Clicking element '//input[@name="departGroup" and @value="F0035@2021-08-30"]/following-sibling::label'.</msg>
<status status="PASS" starttime="20211203 03:52:33.610" endtime="20211203 03:52:33.855"/>
</kw>
<kw name="Click Element" library="SeleniumLibrary">
<arg>//input[@name="returnGroup" and @value="F0036@2021-09-05"]/following-sibling::label</arg>
<doc>Click the element identified by ``locator``.</doc>
<msg timestamp="20211203 03:52:33.856" level="INFO">Clicking element '//input[@name="returnGroup" and @value="F0036@2021-09-05"]/following-sibling::label'.</msg>
<status status="PASS" starttime="20211203 03:52:33.855" endtime="20211203 03:52:34.098"/>
</kw>
<kw name="Click Button" library="SeleniumLibrary">
<arg>Book</arg>
<doc>Clicks the button identified by ``locator``.</doc>
<msg timestamp="20211203 03:52:34.099" level="INFO">Clicking button 'Book'.</msg>
<status status="PASS" starttime="20211203 03:52:34.098" endtime="20211203 03:52:34.375"/>
</kw>
<tag>FlightSearch</tag>
<status status="PASS" starttime="20211203 03:52:32.742" endtime="20211203 03:52:34.376"/>
</test>
<kw name="Close All Browsers" library="SeleniumLibrary" type="TEARDOWN">
<doc>Closes all open browsers and resets the browser cache.</doc>
<status status="PASS" starttime="20211203 03:52:34.377" endtime="20211203 03:52:34.741"/>
</kw>
<status status="PASS" starttime="20211203 03:52:26.439" endtime="20211203 03:52:34.741"/>
</suite>
<status status="PASS" starttime="20211203 03:52:20.485" endtime="20211203 03:52:34.742"/>
</suite>
<statistics>
<total>
<stat pass="7" fail="0" skip="0">All Tests</stat>
</total>
<tag>
<stat pass="4" fail="0" skip="0">FlightSearch</stat>
<stat pass="3" fail="0" skip="0">User</stat>
</tag>
<suite>
<stat pass="7" fail="0" skip="0" id="s1" name="Frontend">Frontend</stat>
<stat pass="3" fail="0" skip="0" id="s1-s1" name="User">Frontend.User</stat>
<stat pass="4" fail="0" skip="0" id="s1-s2" name="Search Flight">Frontend.Search Flight</stat>
</suite>
</statistics>
<errors>
</errors>
</robot>
